# JRE version: Java(TM) SE Runtime Environment (8.0_181-b13) (build 1.8.0_181-b13)
# Java VM: Java HotSpot(TM) Client VM (25.181-b13 mixed mode windows-x86 )
Heap:
 def new generation   total 4928K, used 2444K [0x05200000, 0x05750000, 0x0a750000)
  eden space 4416K,  43% used [0x05200000, 0x053e3320, 0x05650000)
  from space 512K,  99% used [0x05650000, 0x056cfff8, 0x056d0000)
  to   space 512K,   0% used [0x056d0000, 0x056d0000, 0x05750000)
 tenured generation   total 10944K, used 5247K [0x0a750000, 0x0b200000, 0x15200000)
   the space 10944K,  47% used [0x0a750000, 0x0ac6fc90, 0x0ac6fe00, 0x0b200000)
 Metaspace       used 6563K, capacity 6720K, committed 6784K, reserved 7552K
GC Heap History (10 events):
Event: 0.811 GC heap before
{Heap before GC invocations=3 (full 0):
 def new generation   total 4928K, used 4890K [0x05200000, 0x05750000, 0x0a750000)
  eden space 4416K, 100% used [0x05200000, 0x05650000, 0x05650000)
  from space 512K,  92% used [0x056d0000, 0x057469a8, 0x05750000)
  to   space 512K,   0% used [0x05650000, 0x05650000, 0x056d0000)
 tenured generation   total 10944K, used 2240K [0x0a750000, 0x0b200000, 0x15200000)
   the space 10944K,  20% used [0x0a750000, 0x0a9802a0, 0x0a980400, 0x0b200000)
 Metaspace       used 4793K, capacity 4989K, committed 4992K, reserved 5504K
Event: 0.813 GC heap after
Heap after GC invocations=4 (full 0):
 def new generation   total 4928K, used 512K [0x05200000, 0x05750000, 0x0a750000)
  eden space 4416K,   0% used [0x05200000, 0x05200000, 0x05650000)
  from space 512K, 100% used [0x05650000, 0x056d0000, 0x056d0000)
  to   space 512K,   0% used [0x056d0000, 0x056d0000, 0x05750000)
 tenured generation   total 10944K, used 2702K [0x0a750000, 0x0b200000, 0x15200000)
   the space 10944K,  24% used [0x0a750000, 0x0a9f3a78, 0x0a9f3c00, 0x0b200000)
 Metaspace       used 4793K, capacity 4989K, committed 4992K, reserved 5504K
}
Event: 1.060 GC heap before
{Heap before GC invocations=4 (full 0):
 def new generation   total 4928K, used 4928K [0x05200000, 0x05750000, 0x0a750000)
  eden space 4416K, 100% used [0x05200000, 0x05650000, 0x05650000)
  from space 512K, 100% used [0x05650000, 0x056d0000, 0x056d0000)
  to   space 512K,   0% used [0x056d0000, 0x056d0000, 0x05750000)
 tenured generation   total 10944K, used 2702K [0x0a750000, 0x0b200000, 0x15200000)
   the space 10944K,  24% used [0x0a750000, 0x0a9f3a78, 0x0a9f3c00, 0x0b200000)
 Metaspace       used 5012K, capacity 5181K, committed 5248K, reserved 5504K
Event: 1.062 GC heap after
Heap after GC invocations=5 (full 0):
 def new generation   total 4928K, used 260K [0x05200000, 0x05750000, 0x0a750000)
  eden space 4416K,   0% used [0x05200000, 0x05200000, 0x05650000)
  from space 512K,  50% used [0x056d0000, 0x057113a8, 0x05750000)
  to   space 512K,   0% used [0x05650000, 0x05650000, 0x056d0000)
 tenured generation   total 10944K, used 3213K [0x0a750000, 0x0b200000, 0x15200000)
   the space 10944K,  29% used [0x0a750000, 0x0aa73770, 0x0aa73800, 0x0b200000)
 Metaspace       used 5012K, capacity 5181K, committed 5248K, reserved 5504K
}
Event: 1.162 GC heap before
{Heap before GC invocations=5 (full 0):
 def new generation   total 4928K, used 4676K [0x05200000, 0x05750000, 0x0a750000)
  eden space 4416K, 100% used [0x05200000, 0x05650000, 0x05650000)
  from space 512K,  50% used [0x056d0000, 0x057113a8, 0x05750000)
  to   space 512K,   0% used [0x05650000, 0x05650000, 0x056d0000)
 tenured generation   total 10944K, used 3213K [0x0a750000, 0x0b200000, 0x15200000)
   the space 10944K,  29% used [0x0a750000, 0x0aa73770, 0x0aa73800, 0x0b200000)
 Metaspace       used 5702K, capacity 5856K, committed 5888K, reserved 6528K
Event: 1.164 GC heap after
Heap after GC invocations=6 (full 0):
 def new generation   total 4928K, used 512K [0x05200000, 0x05750000, 0x0a750000)
  eden space 4416K,   0% used [0x05200000, 0x05200000, 0x05650000)
  from space 512K, 100% used [0x05650000, 0x056d0000, 0x056d0000)
  to   space 512K,   0% used [0x056d0000, 0x056d0000, 0x05750000)
 tenured generation   total 10944K, used 3466K [0x0a750000, 0x0b200000, 0x15200000)
   the space 10944K,  31% used [0x0a750000, 0x0aab2898, 0x0aab2a00, 0x0b200000)
 Metaspace       used 5702K, capacity 5856K, committed 5888K, reserved 6528K
}
Event: 1.305 GC heap before
{Heap before GC invocations=6 (full 0):
 def new generation   total 4928K, used 4928K [0x05200000, 0x05750000, 0x0a750000)
  eden space 4416K, 100% used [0x05200000, 0x05650000, 0x05650000)
  from space 512K, 100% used [0x05650000, 0x056d0000, 0x056d0000)
  to   space 512K,   0% used [0x056d0000, 0x056d0000, 0x05750000)
 tenured generation   total 10944K, used 3466K [0x0a750000, 0x0b200000, 0x15200000)
   the space 10944K,  31% used [0x0a750000, 0x0aab2898, 0x0aab2a00, 0x0b200000)
 Metaspace       used 6245K, capacity 6400K, committed 6400K, reserved 6528K
Event: 1.307 GC heap after
Heap after GC invocations=7 (full 0):
 def new generation   total 4928K, used 512K [0x05200000, 0x05750000, 0x0a750000)
  eden space 4416K,   0% used [0x05200000, 0x05200000, 0x05650000)
  from space 512K, 100% used [0x056d0000, 0x05750000, 0x05750000)
  to   space 512K,   0% used [0x05650000, 0x05650000, 0x056d0000)
 tenured generation   total 10944K, used 4038K [0x0a750000, 0x0b200000, 0x15200000)
   the space 10944K,  36% used [0x0a750000, 0x0ab41bc0, 0x0ab41c00, 0x0b200000)
 Metaspace       used 6245K, capacity 6400K, committed 6400K, reserved 6528K
}
Event: 157.389 GC heap before
{Heap before GC invocations=7 (full 0):
 def new generation   total 4928K, used 4922K [0x05200000, 0x05750000, 0x0a750000)
  eden space 4416K,  99% used [0x05200000, 0x0564ebb8, 0x05650000)
  from space 512K, 100% used [0x056d0000, 0x05750000, 0x05750000)
  to   space 512K,   0% used [0x05650000, 0x05650000, 0x056d0000)
 tenured generation   total 10944K, used 4038K [0x0a750000, 0x0b200000, 0x15200000)
   the space 10944K,  36% used [0x0a750000, 0x0ab41bc0, 0x0ab41c00, 0x0b200000)
 Metaspace       used 6540K, capacity 6688K, committed 6784K, reserved 7552K
Event: 157.392 GC heap after
Heap after GC invocations=8 (full 0):
 def new generation   total 4928K, used 511K [0x05200000, 0x05750000, 0x0a750000)
  eden space 4416K,   0% used [0x05200000, 0x05200000, 0x05650000)
  from space 512K,  99% used [0x05650000, 0x056cfff8, 0x056d0000)
  to   space 512K,   0% used [0x056d0000, 0x056d0000, 0x05750000)
 tenured generation   total 10944K, used 5247K [0x0a750000, 0x0b200000, 0x15200000)
   the space 10944K,  47% used [0x0a750000, 0x0ac6fc90, 0x0ac6fe00, 0x0b200000)
 Metaspace       used 6540K, capacity 6688K, committed 6784K, reserved 7552K
}

